0404
0468
0318
0228
0205
0659
0012
0102
0597
0153
0039
0717
0959
0587
0300
0126
0467
0402
0374
0919
0779
0113
0013
0006
0284
1000
0805
0140
0704
0464
0726
0368
0120
0771
0972
0700
0772
0049
0485
0251
0174
0088
0101
0271
0086
0366
0091
0266
0751
0053
0736
0540
0054
0623
0845
0649
0059
0010
1001
0346
0326
0152
0175
0735
0438
0045
0166
0676
0641
0071
0405
0838
0497
0885
0193
0482
0527
0756
0417
0162
0812
0989
0491
0568
0803
0241
0476
0434
0754
0292
0037
0379
0604
0146
0712
0118
0669
0169
0767
0523
0499
0929
0246
0629
0901
0798
0679
0021
0627
0486
0232
0296
0576
0947
0259
0985
0319
0068
0072
0863
0829
0943
0357
0890
0479
0446
0974
0437
0565
0026
0435
0112
0743
0922
0953
0510
0325
0343
0057
0633
0593
0002
0927
0825
0617
0696
0775
0080
0782
0240
0888
0582
0530
0096
0256
0537
0019
0104
0177
0385
0605
0219
0124
0879
0773
0741
0014
0685
0314
0654
0799
0645
0428
0949
0125
0860
0541
0269
0105
0399
0904
0567
0382
0044
0828
0454
0865
0822
0139
0173
0663
0914
0518
0695
0559
0008
0539
0116
0569
0862
0420
0935
0416
0093
0316
0306
0790
0408
0410
0122
0842
0892
0789
0521
0813
0047
0531
0069
0581
0040
0052
0895
0151
0270
0891
0826
0144
0872
0046
0201
0760
0245
0302
0758
0439
0911
0871
0573
0023
0050
0351
0141
0513
0024
0085
0092
0543
0686
0253
0887
0747
0574
0290
0882
0905
0364
0853
0973
0065
0282
0168
0728
0397
0724
0923
0661
0857
0419
0894
0869
0183
0344
0906
0242
0788
0268
0073
0859
0713
0601
0493
0898
0846
0294
0548
0334
0108
0361
0304
0138
0886
0279
0796
0820
0876
0079
0444
0161
0005
0163
0517
0502
0538
0064
0816
0624
0359
0354
0998
0631
0996
0557
0507
0818
0874
0598
0994
0182
0415
0653
0738
0896
0263
0837
0997
0060
0873
0763
0208
0107
0632
0167
0987
0280
0158
0455
0025
0041
0635
0418
0549
0272
0936
0034
0460
0621
0858
0580
0794
0375
0915
0466
0944
0332
0475
0749
0821
0391
0043
0552
0793
0809
0222
0684
0278
0225
0897
0231
0783
0934
0262
0062
0797
0660
0753
0651
0311
0630
0880
0727
0216
0881
0204
0591
0832
0033
0952
0566
0229
0866
0716
0336
0265
0154
0376
0323
0899
0968
0522
0954
0187
0465
0671
0528
0868
0111
0030
0106
0456
0301
0452
0664
0155
0291
0995
0746
0893
0338
0200
0639
0273
0658
0459
0317
0221
0942
0877
0670
0590
0705
0560
0801
0115
0393
0480
0533
0606
0553
0823
0494
0084
0592
0406
0962
0042
0672
0203
0252
0199
0257
0524
0852
0585
0688
0625
0179
0038
0142
0157
0619
0556
0956
0802
0778
0941
0447
0875
0421
0218
0618
0356
0856
1003
0844
0186
0007
0903
0128
0520
0358
0074
0462
0912
0861
0274
0461
0496
0209
0683
0682
0377
0939
0089
0800
0544
0595
0247
0608
0190
0721
0511
0692
0534
0840
0192
0787
0414
0029
0983
0689
0353
0729
0969
0220
0392
0925
0136
0097
0851
0481
0546
0666
0226
0352
0609
0384
0355
0119
0750
0333
0490
0369
0938
0561
0909
0827
0731
0277
0792
0388
0933
0710
0613
0349
0910
0018
0836
0180
0814
0411
0360
0722
0503
0188
0350
0647
0807
0427
0835
0298
0584
0701
0164
0094
0234
0458
0708
0516
0508
0981
0028
0990
0011
0572
0652
0834
0365
0258
0824
0127
0599
0285
0441
0656
0759
0977
0206
0303
0147
0811
0742
0732
0718
0768
0739
0121
0745
0982
0615
0373
0529
0426
0815
0928
0487
0098
0396
0159
0780
0137
0849
0423
0644
0321
0668
0603
0723
0400
0519
0610
0015
0900
0185
0655
0583
0212
0637
0471
0993
0362
0571
0594
0001
0960
0536
0305
0309
0525
0156
0512
0329
0515
0945
0978
0830
0975
0964
0389
0545
0020
0498
0673
0703
0430
0979
0709
0440
0514
0442
0622
0249
0170
0636
0867
0769
0143
0509
0288
0048
0489
0764
0413
0744
0401
0924
0433
0848
0286
0103
0260
0551
0740
0036
0642
0308
0337
0150
0436
0211
0628
0907
0674
0327
0850
0634
0378
0077
0916
0691
0984
0733
0473
0784
0963
0600
0345
0786
0680
0804
0264
0970
0698
0223
0238
0149
0992
0276
0501
0930
0477
0711
0883
0748
0677
0320
0966
0422
0255
0737
0035
0307
0372
0638
0752
0667
0500
0719
0948
0281
0504
0777
0785
0299
0082
0310
0363
0988
0839
0478
0908
0189
0390
0693
0322
0003
0445
0283
0217
0330
0341
0207
0148
0031
0931
0289
0607
0665
0244
0224
0347
0016
0757
0248
0675
0614
0061
0331
0589
0937
0145
0109
0715
0381
0367
0239
0720
0976
0762
0227
0926
0412
0958
0055
0370
0506
0066
0643
0690
0110
0409
0570
0114
0950
0547
0833
0694
0602
0099
0181
0646
0202
0275
0027
0678
0254
0532
0075
0171
0297
0578
0483
0854
0932
0991
0184
0555
0951
0463
0918
0335
0058
0230
0176
0004
0210
0235
0761
0340
0067
1002
0032
0472
0076
0707
0765
0312
0795
0847
0855
0484
0233
0626
0009
0505
0424
0681
0117
0313
0243
0810
0134
0562
0267
0819
0431
0961
0971
0488
0342
0403
0132
0469
0398
0237
0213
0087
0577
0457
0831
0781
0261
0806
0130
0770
0725
0387
0687
0596
0328
0612
0395
0967
0295
0946
0920
0474
0980
0535
0921
0100
0766
0734
0194
0492
